{"C:\\Users\\owner\\Documents\\nawhgnues\\codecov-test\\src\\components\\Greeting.tsx": {"path":"C:\\Users\\owner\\Documents\\nawhgnues\\codecov-test\\src\\components\\Greeting.tsx","all":false,"statementMap":{"4":{"start":{"line":5,"column":0},"end":{"line":5,"column":54}},"5":{"start":{"line":6,"column":0},"end":{"line":6,"column":43}},"6":{"start":{"line":7,"column":0},"end":{"line":7,"column":2}}},"s":{"4":1,"5":3,"6":3},"branchMap":{"0":{"type":"branch","line":5,"loc":{"start":{"line":5,"column":24},"end":{"line":7,"column":2}},"locations":[{"start":{"line":5,"column":24},"end":{"line":7,"column":2}}]},"1":{"type":"branch","line":6,"loc":{"start":{"line":6,"column":20},"end":{"line":6,"column":36}},"locations":[{"start":{"line":6,"column":20},"end":{"line":6,"column":36}}]}},"b":{"0":[3],"1":[2]},"fnMap":{"0":{"name":"Greeting","decl":{"start":{"line":5,"column":24},"end":{"line":7,"column":2}},"loc":{"start":{"line":5,"column":24},"end":{"line":7,"column":2}},"line":5}},"f":{"0":3}}
}
