{"C:\\Users\\owner\\Documents\\nawhgnues\\codecov-test\\src\\App.tsx": {"path":"C:\\Users\\owner\\Documents\\nawhgnues\\codecov-test\\src\\App.tsx","all":true,"statementMap":{"0":{"start":{"line":1,"column":0},"end":{"line":1,"column":33}},"1":{"start":{"line":2,"column":0},"end":{"line":2,"column":19}},"2":{"start":{"line":3,"column":0},"end":{"line":3,"column":49}},"4":{"start":{"line":5,"column":0},"end":{"line":5,"column":16}},"5":{"start":{"line":6,"column":0},"end":{"line":6,"column":40}},"7":{"start":{"line":8,"column":0},"end":{"line":8,"column":10}},"8":{"start":{"line":9,"column":0},"end":{"line":9,"column":6}},"9":{"start":{"line":10,"column":0},"end":{"line":10,"column":35}},"10":{"start":{"line":11,"column":0},"end":{"line":11,"column":28}},"11":{"start":{"line":12,"column":0},"end":{"line":12,"column":63}},"12":{"start":{"line":13,"column":0},"end":{"line":13,"column":26}},"17":{"start":{"line":18,"column":0},"end":{"line":18,"column":1}},"19":{"start":{"line":20,"column":0},"end":{"line":20,"column":19}}},"s":{"0":0,"1":0,"2":0,"4":0,"5":0,"7":0,"8":0,"9":0,"10":0,"11":0,"12":0,"17":0,"19":0},"branchMap":{"0":{"type":"branch","line":1,"loc":{"start":{"line":1,"column":404},"end":{"line":20,"column":19}},"locations":[{"start":{"line":1,"column":404},"end":{"line":20,"column":19}}]}},"b":{"0":[0]},"fnMap":{"0":{"name":"(empty-report)","decl":{"start":{"line":1,"column":404},"end":{"line":20,"column":19}},"loc":{"start":{"line":1,"column":404},"end":{"line":20,"column":19}},"line":1}},"f":{"0":0}}
,"C:\\Users\\owner\\Documents\\nawhgnues\\codecov-test\\src\\main.tsx": {"path":"C:\\Users\\owner\\Documents\\nawhgnues\\codecov-test\\src\\main.tsx","all":true,"statementMap":{"0":{"start":{"line":1,"column":0},"end":{"line":1,"column":34}},"1":{"start":{"line":2,"column":0},"end":{"line":2,"column":45}},"2":{"start":{"line":3,"column":0},"end":{"line":3,"column":20}},"3":{"start":{"line":4,"column":0},"end":{"line":4,"column":27}},"5":{"start":{"line":6,"column":0},"end":{"line":6,"column":52}},"6":{"start":{"line":7,"column":0},"end":{"line":7,"column":14}},"7":{"start":{"line":8,"column":0},"end":{"line":8,"column":11}}},"s":{"0":0,"1":0,"2":0,"3":0,"5":0,"6":0,"7":0},"branchMap":{"0":{"type":"branch","line":1,"loc":{"start":{"line":1,"column":229},"end":{"line":10,"column":1}},"locations":[{"start":{"line":1,"column":229},"end":{"line":10,"column":1}}]}},"b":{"0":[0]},"fnMap":{"0":{"name":"(empty-report)","decl":{"start":{"line":1,"column":229},"end":{"line":10,"column":1}},"loc":{"start":{"line":1,"column":229},"end":{"line":10,"column":1}},"line":1}},"f":{"0":0}}
,"C:\\Users\\owner\\Documents\\nawhgnues\\codecov-test\\src\\components\\Greeting.tsx": {"path":"C:\\Users\\owner\\Documents\\nawhgnues\\codecov-test\\src\\components\\Greeting.tsx","all":false,"statementMap":{"4":{"start":{"line":5,"column":0},"end":{"line":5,"column":54}},"5":{"start":{"line":6,"column":0},"end":{"line":6,"column":43}},"6":{"start":{"line":7,"column":0},"end":{"line":7,"column":2}}},"s":{"4":1,"5":2,"6":2},"branchMap":{"0":{"type":"branch","line":5,"loc":{"start":{"line":5,"column":24},"end":{"line":7,"column":2}},"locations":[{"start":{"line":5,"column":24},"end":{"line":7,"column":2}}]},"1":{"type":"branch","line":6,"loc":{"start":{"line":6,"column":20},"end":{"line":6,"column":36}},"locations":[{"start":{"line":6,"column":20},"end":{"line":6,"column":36}}]}},"b":{"0":[2],"1":[1]},"fnMap":{"0":{"name":"Greeting","decl":{"start":{"line":5,"column":24},"end":{"line":7,"column":2}},"loc":{"start":{"line":5,"column":24},"end":{"line":7,"column":2}},"line":5}},"f":{"0":2}}
}
